<?xml version="1.0" encoding="UTF-8"?>
<!-- Generated by org.testng.reporters.JUnitReportReporter -->
<testsuite hostname="DESKTOP-N054NMB" failures="0" tests="1" name="com.test.Screenshot.ScreenShotTest" time="46.459" errors="0" timestamp="2022-01-16T18:24:03 IST" skipped="0">
  <testcase classname="com.test.Screenshot.ScreenShotTest" name="test1" time="46.459"/>
  <system-out/>
</testsuite> <!-- com.test.Screenshot.ScreenShotTest -->
