<?xml version="1.0" encoding="UTF-8"?>
<!-- Generated by org.testng.reporters.JUnitReportReporter -->
<testsuite hostname="DESKTOP-N054NMB" failures="0" tests="1" name="com.test.TestNgDataProviderFeature" time="19.293" errors="0" timestamp="2022-01-16T21:06:38 IST" skipped="0">
  <testcase classname="com.test.TestNgDataProviderFeature" name="loginParaBank" time="19.293"/>
  <system-out/>
</testsuite> <!-- com.test.TestNgDataProviderFeature -->
