<?xml version="1.0" encoding="UTF-8"?>
<!-- Generated by org.testng.reporters.JUnitReportReporter -->
<testsuite hostname="DESKTOP-N054NMB" failures="0" tests="3" name="com.test.TestNgDependsOnMethodFeature" time="0.008" errors="0" timestamp="2021-10-23T22:29:31 IST" skipped="0">
  <testcase classname="com.test.TestNgDependsOnMethodFeature" name="getToHomePage" time="0.003"/>
  <system-out/>
  <testcase classname="com.test.TestNgDependsOnMethodFeature" name="loginTest" time="0.001"/>
  <system-out/>
  <testcase classname="com.test.TestNgDependsOnMethodFeature" name="getToRegistrationPage" time="0.004"/>
  <system-out/>
</testsuite> <!-- com.test.TestNgDependsOnMethodFeature -->
