<?xml version="1.0" encoding="UTF-8"?>
<!-- Generated by org.testng.reporters.JUnitReportReporter -->
<testsuite hostname="DESKTOP-N054NMB" failures="0" tests="1" name="seleniumPractise.Calender1" time="41.769" errors="0" timestamp="2022-07-25T23:30:45 IST" skipped="0">
  <testcase classname="seleniumPractise.Calender1" name="calenderDateHandleTest" time="41.769"/>
  <system-out/>
</testsuite> <!-- seleniumPractise.Calender1 -->
