<?xml version="1.0" encoding="UTF-8"?>
<!-- Generated by org.testng.reporters.JUnitReportReporter -->
<testsuite hostname="DESKTOP-N054NMB" failures="0" tests="1" name="seleniumPractise.CalenderTest" time="11.559" errors="0" timestamp="2022-07-06T00:12:25 IST" skipped="0">
  <testcase classname="seleniumPractise.CalenderTest" name="selectDateFromCalender" time="11.559"/>
  <system-out/>
</testsuite> <!-- seleniumPractise.CalenderTest -->
