<?xml version="1.0" encoding="UTF-8"?>
<!-- Generated by org.testng.reporters.JUnitReportReporter -->
<testsuite hostname="DESKTOP-N054NMB" failures="0" tests="6" name="com.test.GoogleTest" time="0.596" errors="0" timestamp="2022-06-19T13:36:24 IST" skipped="0">
  <testcase classname="com.test.GoogleTest" name="verifyGmailLink" time="0.361"/>
  <system-out/>
  <testcase classname="com.test.GoogleTest" name="googleLogoTest" time="0.220"/>
  <system-out/>
  <testcase classname="com.test.GoogleTest" name="googleTitleTest" time="0.009"/>
  <system-out/>
  <testcase classname="com.test.GoogleTest" name="test1" time="0.001"/>
  <system-out/>
  <testcase classname="com.test.GoogleTest" name="test2" time="0.003"/>
  <system-out/>
  <testcase classname="com.test.GoogleTest" name="test3" time="0.002"/>
  <system-out/>
</testsuite> <!-- com.test.GoogleTest -->
