<?xml version="1.0" encoding="UTF-8"?>
<!-- Generated by org.testng.reporters.JUnitReportReporter -->
<testsuite hostname="DESKTOP-N054NMB" failures="0" tests="1" name="com.test.Screenshot.ElementScreenShotTest" time="36.173" errors="0" timestamp="2022-01-20T15:41:31 IST" skipped="0">
  <testcase classname="com.test.Screenshot.ElementScreenShotTest" name="takeElementScreenshot" time="36.173"/>
  <system-out/>
</testsuite> <!-- com.test.Screenshot.ElementScreenShotTest -->
