<?xml version="1.0" encoding="UTF-8"?>
<!-- Generated by org.testng.reporters.JUnitReportReporter -->
<testsuite hostname="DESKTOP-N054NMB" failures="0" tests="1" name="com.test.Screenshot.FullScreenShotTestUsingAshot" time="373.567" errors="0" timestamp="2022-01-18T12:11:14 IST" skipped="0">
  <testcase classname="com.test.Screenshot.FullScreenShotTestUsingAshot" name="takeFullScreenShot" time="373.567"/>
  <system-out/>
</testsuite> <!-- com.test.Screenshot.FullScreenShotTestUsingAshot -->
