<?xml version="1.0" encoding="UTF-8"?>
<!-- Generated by org.testng.reporters.JUnitReportReporter -->
<testsuite hostname="DESKTOP-N054NMB" failures="0" tests="2" name="com.test.TestNgBasics" time="0.011" errors="0" timestamp="2021-10-23T22:29:31 IST" skipped="0">
  <testcase classname="com.test.TestNgBasics" name="nameOfTheSite" time="0.005"/>
  <system-out/>
  <testcase classname="com.test.TestNgBasics" name="googleTitleTest" time="0.006"/>
  <system-out/>
</testsuite> <!-- com.test.TestNgBasics -->
