<?xml version="1.0" encoding="UTF-8"?>
<!-- Generated by org.testng.reporters.JUnitReportReporter -->
<testsuite hostname="DESKTOP-N054NMB" failures="0" tests="2" name="com.test.ExtentReport" time="15.992" errors="0" timestamp="2022-01-24T14:10:32 IST" skipped="0">
  <testcase classname="com.test.ExtentReport" name="login" time="12.190"/>
  <system-out/>
  <testcase classname="com.test.ExtentReport" name="payBill" time="3.802"/>
  <system-out/>
</testsuite> <!-- com.test.ExtentReport -->
