<?xml version="1.0" encoding="UTF-8"?>
<!-- Generated by org.testng.reporters.JUnitReportReporter -->
<testsuite hostname="DESKTOP-N054NMB" failures="0" tests="10" name="com.test.TestNgInnvocationCountFeature" time="0.022" errors="0" timestamp="2021-10-23T22:29:31 IST" skipped="0">
  <testcase classname="com.test.TestNgInnvocationCountFeature" name="additionProgram" time="0.004"/>
  <system-out/>
  <testcase classname="com.test.TestNgInnvocationCountFeature" name="additionProgram" time="0.001"/>
  <system-out/>
  <testcase classname="com.test.TestNgInnvocationCountFeature" name="additionProgram" time="0.001"/>
  <system-out/>
  <testcase classname="com.test.TestNgInnvocationCountFeature" name="additionProgram" time="0.002"/>
  <system-out/>
  <testcase classname="com.test.TestNgInnvocationCountFeature" name="additionProgram" time="0.001"/>
  <system-out/>
  <testcase classname="com.test.TestNgInnvocationCountFeature" name="additionProgram" time="0.003"/>
  <system-out/>
  <testcase classname="com.test.TestNgInnvocationCountFeature" name="additionProgram" time="0.002"/>
  <system-out/>
  <testcase classname="com.test.TestNgInnvocationCountFeature" name="additionProgram" time="0.002"/>
  <system-out/>
  <testcase classname="com.test.TestNgInnvocationCountFeature" name="additionProgram" time="0.005"/>
  <system-out/>
  <testcase classname="com.test.TestNgInnvocationCountFeature" name="additionProgram" time="0.001"/>
  <system-out/>
</testsuite> <!-- com.test.TestNgInnvocationCountFeature -->
